<?xml version="1.0" encoding="UTF-8"?>
<!-- Generated by org.testng.reporters.JUnitReportReporter -->
<testsuite hostname="Dinesh" failures="0" tests="2" name="com.DineshCompany.app.LoginPageTest" time="21.025" errors="0" timestamp="21 Feb 2021 08:16:34 GMT" skipped="0">
  <testcase classname="com.DineshCompany.app.LoginPageTest" name="verifyForgot" time="10.902"/>
  <testcase classname="com.DineshCompany.app.LoginPageTest" name="verifyLogo" time="10.123"/>
</testsuite> <!-- com.DineshCompany.app.LoginPageTest -->
