<?xml version="1.0" encoding="UTF-8"?>
<!-- Generated by org.testng.reporters.JUnitReportReporter -->
<testsuite hostname="PCIN475022" failures="0" tests="1" name="com.qa.testcases.LoginPageTestOrange" time="60.379" errors="0" timestamp="24 Feb 2021 10:38:52 GMT" skipped="0">
  <testcase classname="com.qa.testcases.LoginPageTestOrange" name="loginandlogoutTest" time="60.379"/>
</testsuite> <!-- com.qa.testcases.LoginPageTestOrange -->
