<?xml version="1.0" encoding="UTF-8"?>
<!-- Generated by org.testng.reporters.JUnitReportReporter -->
<testsuite hostname="Dinesh" failures="0" tests="1" name="com.qa.testcases.LoginPageTestOrange" time="21.260" errors="0" timestamp="25 Feb 2021 05:03:16 GMT" skipped="0">
  <testcase classname="com.qa.testcases.LoginPageTestOrange" name="loginandlogoutTest" time="21.260"/>
</testsuite> <!-- com.qa.testcases.LoginPageTestOrange -->
