<?xml version="1.0" encoding="UTF-8"?>
<!-- Generated by org.testng.reporters.JUnitReportReporter -->
<testsuite hostname="PCIN475022" failures="0" tests="1" name="com.qa.testcases.LoginPage_Test_Orange" time="29.953" errors="0" timestamp="24 Feb 2021 09:05:25 GMT" skipped="0">
  <testcase classname="com.qa.testcases.LoginPage_Test_Orange" name="loginandlogoutTest" time="29.953"/>
</testsuite> <!-- com.qa.testcases.LoginPage_Test_Orange -->
