<?xml version="1.0" encoding="UTF-8"?>
<!-- Generated by org.testng.reporters.JUnitReportReporter -->
<testsuite hostname="Dinesh" failures="0" tests="3" name="com.qa.testcases.LoginPageTestOrange" time="83.674" errors="0" timestamp="25 Feb 2021 05:33:02 GMT" skipped="0">
  <testcase classname="com.qa.testcases.LoginPageTestOrange" name="loginandlogoutTest" time="27.758"/>
  <testcase classname="com.qa.testcases.LoginPageTestOrange" name="loginandlogoutTest" time="28.172"/>
  <testcase classname="com.qa.testcases.LoginPageTestOrange" name="loginandlogoutTest" time="27.744"/>
</testsuite> <!-- com.qa.testcases.LoginPageTestOrange -->
