<?xml version="1.0" encoding="UTF-8"?>
<!-- Generated by org.testng.reporters.JUnitReportReporter -->
<testsuite hostname="Dinesh" failures="0" tests="1" name="com.qa.reports.ExtentReportsDemo" time="1.445" errors="0" timestamp="2021-02-28T13:24:22 IST" skipped="0">
  <testcase classname="com.qa.reports.ExtentReportsDemo" name="Reports" time="1.445"/>
  <system-out/>
</testsuite> <!-- com.qa.reports.ExtentReportsDemo -->
